2024-09-28 21:26:21,378 - INFO - GDAL signalled an error: err_no=4, msg='/home/sehoon/Desktop/ACM-SIGSPATIAL-Cup-2024/data/poi/urban/Atlanta_POI_Candidate.gpkg: No such file or directory'
2024-09-28 21:27:24,632 - INFO - 
==================================================
*** Processed Polygon Information ***
--------------------------------------------------
Polygon ID            : Atlanta, GA Urban Area_6
Total Supply          : 953.0
A_bar Value           : 0.0070
Selected Initial Sites: 40
Initial Coverage      : 45.72%
==================================================
2024-09-28 21:27:33,444 - INFO - Selecting site 41/238 | Selected Site: 116 | A_hat: 0.01137 | Coverage:  45.72%
2024-09-28 21:27:41,603 - INFO - Selecting site 42/238 | Selected Site: 158 | A_hat: 0.01084 | Coverage:  52.26%
2024-09-28 21:27:50,751 - INFO - Selecting site 43/238 | Selected Site: 106 | A_hat: 0.01036 | Coverage:  56.09%
2024-09-28 21:27:56,975 - INFO - Selecting site 44/238 | Selected Site:  19 | A_hat: 0.00992 | Coverage:  58.69%
2024-09-28 21:28:04,139 - INFO - Selecting site 45/238 | Selected Site: 345 | A_hat: 0.00951 | Coverage:  60.56%
2024-09-28 21:28:12,287 - INFO - Selecting site 46/238 | Selected Site: 129 | A_hat: 0.00914 | Coverage:  63.00%
2024-09-28 21:28:21,409 - INFO - Selecting site 47/238 | Selected Site: 218 | A_hat: 0.00881 | Coverage:  63.59%
2024-09-28 21:28:27,623 - INFO - Selecting site 48/238 | Selected Site: 265 | A_hat: 0.00849 | Coverage:  63.87%
2024-09-28 21:28:34,807 - INFO - Selecting site 49/238 | Selected Site: 271 | A_hat: 0.00819 | Coverage:  65.24%
2024-09-28 21:28:42,944 - INFO - Selecting site 50/238 | Selected Site: 165 | A_hat: 0.00792 | Coverage:  65.70%
2024-09-28 21:28:52,026 - INFO - Selecting site 51/238 | Selected Site: 352 | A_hat: 0.00768 | Coverage:  65.91%
2024-09-28 21:28:58,234 - INFO - Selecting site 52/238 | Selected Site: 412 | A_hat: 0.00748 | Coverage:  66.84%
2024-09-28 21:29:05,448 - INFO - Selecting site 53/238 | Selected Site: 388 | A_hat: 0.00730 | Coverage:  67.12%
2024-09-28 21:29:13,535 - INFO - Selecting site 54/238 | Selected Site: 413 | A_hat: 0.00714 | Coverage:  68.27%
2024-09-28 21:29:22,598 - INFO - Selecting site 55/238 | Selected Site: 383 | A_hat: 0.00700 | Coverage:  68.96%
2024-09-28 21:29:28,822 - INFO - Selecting site 56/238 | Selected Site: 154 | A_hat: 0.00687 | Coverage:  70.45%
2024-09-28 21:29:35,985 - INFO - Selecting site 57/238 | Selected Site: 350 | A_hat: 0.00675 | Coverage:  70.58%
2024-09-28 21:29:44,077 - INFO - Selecting site 58/238 | Selected Site:   1 | A_hat: 0.00664 | Coverage:  71.43%
2024-09-28 21:29:53,104 - INFO - Selecting site 59/238 | Selected Site: 288 | A_hat: 0.00653 | Coverage:  71.69%
2024-09-28 21:29:59,301 - INFO - Selecting site 60/238 | Selected Site: 387 | A_hat: 0.00643 | Coverage:  72.79%
2024-09-28 21:30:06,463 - INFO - Selecting site 61/238 | Selected Site: 368 | A_hat: 0.00635 | Coverage:  73.59%
2024-09-28 21:30:14,517 - INFO - Selecting site 62/238 | Selected Site: 114 | A_hat: 0.00627 | Coverage:  74.40%
2024-09-28 21:30:24,204 - INFO - Selecting site 63/238 | Selected Site: 312 | A_hat: 0.00619 | Coverage:  74.40%
2024-09-28 21:30:31,155 - INFO - Selecting site 64/238 | Selected Site:  61 | A_hat: 0.00613 | Coverage:  74.58%
2024-09-28 21:30:39,304 - INFO - Selecting site 65/238 | Selected Site:  17 | A_hat: 0.00606 | Coverage:  74.66%
2024-09-28 21:52:34,621 - INFO - 
==================================================
*** Processed Polygon Information ***
--------------------------------------------------
Polygon ID            : Atlanta, GA Urban Area_6
Total Supply          : 953.0
A_bar Value           : 0.0070
Selected Initial Sites: 40
Initial Coverage      : 45.72%
==================================================
2024-09-28 21:52:43,477 - INFO - Selecting site 41/238 | Selected Site: 116 | A_hat: 0.01137 | Coverage:  45.72%
2024-09-28 21:52:51,652 - INFO - Selecting site 42/238 | Selected Site: 158 | A_hat: 0.01084 | Coverage:  52.26%
2024-09-28 21:53:00,835 - INFO - Selecting site 43/238 | Selected Site: 106 | A_hat: 0.01036 | Coverage:  56.09%
2024-09-28 21:53:07,110 - INFO - Selecting site 44/238 | Selected Site:  19 | A_hat: 0.00992 | Coverage:  58.69%
2024-09-28 21:53:14,308 - INFO - Selecting site 45/238 | Selected Site: 345 | A_hat: 0.00951 | Coverage:  60.56%
2024-09-28 21:53:22,442 - INFO - Selecting site 46/238 | Selected Site: 133 | A_hat: 0.00914 | Coverage:  63.00%
2024-09-28 21:53:31,607 - INFO - Selecting site 47/238 | Selected Site: 218 | A_hat: 0.00881 | Coverage:  63.59%
2024-09-28 21:53:37,844 - INFO - Selecting site 48/238 | Selected Site: 265 | A_hat: 0.00849 | Coverage:  63.87%
2024-09-28 21:53:45,020 - INFO - Selecting site 49/238 | Selected Site: 271 | A_hat: 0.00819 | Coverage:  65.24%
2024-09-28 21:53:53,158 - INFO - Selecting site 50/238 | Selected Site: 165 | A_hat: 0.00792 | Coverage:  65.70%
2024-09-28 21:54:02,312 - INFO - Selecting site 51/238 | Selected Site: 352 | A_hat: 0.00768 | Coverage:  65.91%
2024-09-28 21:54:08,560 - INFO - Selecting site 52/238 | Selected Site: 412 | A_hat: 0.00748 | Coverage:  66.84%
2024-09-28 21:54:15,775 - INFO - Selecting site 53/238 | Selected Site: 388 | A_hat: 0.00730 | Coverage:  67.12%
2024-09-28 21:54:23,886 - INFO - Selecting site 54/238 | Selected Site: 413 | A_hat: 0.00714 | Coverage:  68.27%
2024-09-28 21:54:32,926 - INFO - Selecting site 55/238 | Selected Site: 383 | A_hat: 0.00700 | Coverage:  68.96%
2024-09-28 21:54:39,172 - INFO - Selecting site 56/238 | Selected Site: 154 | A_hat: 0.00687 | Coverage:  70.45%
2024-09-28 21:54:46,286 - INFO - Selecting site 57/238 | Selected Site: 350 | A_hat: 0.00675 | Coverage:  70.58%
2024-09-28 21:54:54,388 - INFO - Selecting site 58/238 | Selected Site:   1 | A_hat: 0.00664 | Coverage:  71.43%
2024-09-28 21:55:03,446 - INFO - Selecting site 59/238 | Selected Site: 288 | A_hat: 0.00653 | Coverage:  71.69%
2024-09-28 21:55:09,699 - INFO - Selecting site 60/238 | Selected Site: 387 | A_hat: 0.00643 | Coverage:  72.79%
2024-09-28 21:55:16,830 - INFO - Selecting site 61/238 | Selected Site:  61 | A_hat: 0.00635 | Coverage:  73.59%
2024-09-28 21:55:24,906 - INFO - Selecting site 62/238 | Selected Site: 368 | A_hat: 0.00627 | Coverage:  73.66%
2024-09-28 21:55:33,907 - INFO - Selecting site 63/238 | Selected Site: 114 | A_hat: 0.00620 | Coverage:  74.48%
2024-09-28 21:55:40,182 - INFO - Selecting site 64/238 | Selected Site: 312 | A_hat: 0.00613 | Coverage:  74.48%
2024-09-28 21:55:47,299 - INFO - Selecting site 65/238 | Selected Site:  17 | A_hat: 0.00606 | Coverage:  74.66%
2024-09-28 21:55:55,342 - INFO - Selecting site 66/238 | Selected Site: 235 | A_hat: 0.00601 | Coverage:  75.33%
2024-09-28 21:56:04,805 - INFO - Selecting site 67/238 | Selected Site: 314 | A_hat: 0.00596 | Coverage:  76.08%
2024-09-28 21:56:11,901 - INFO - Selecting site 68/238 | Selected Site: 311 | A_hat: 0.00591 | Coverage:  76.73%
2024-09-28 21:56:20,193 - INFO - Selecting site 69/238 | Selected Site: 422 | A_hat: 0.00587 | Coverage:  77.09%
2024-09-28 21:56:29,339 - INFO - Selecting site 70/238 | Selected Site: 325 | A_hat: 0.00583 | Coverage:  77.09%
2024-09-28 21:56:39,977 - INFO - Selecting site 71/238 | Selected Site: 351 | A_hat: 0.00580 | Coverage:  77.51%
2024-09-28 21:56:47,356 - INFO - Selecting site 72/238 | Selected Site: 229 | A_hat: 0.00577 | Coverage:  77.60%
2024-09-28 21:56:55,622 - INFO - Selecting site 73/238 | Selected Site: 255 | A_hat: 0.00573 | Coverage:  77.60%
2024-09-28 21:57:05,104 - INFO - Selecting site 74/238 | Selected Site:  83 | A_hat: 0.00570 | Coverage:  78.00%
2024-09-28 21:57:16,032 - INFO - Selecting site 75/238 | Selected Site: 309 | A_hat: 0.00568 | Coverage:  78.02%
2024-09-28 21:57:23,823 - INFO - Selecting site 76/238 | Selected Site: 205 | A_hat: 0.00565 | Coverage:  78.09%
2024-09-28 21:57:32,468 - INFO - Selecting site 77/238 | Selected Site: 224 | A_hat: 0.00563 | Coverage:  78.28%
2024-09-28 21:57:42,391 - INFO - Selecting site 78/238 | Selected Site: 367 | A_hat: 0.00562 | Coverage:  78.28%
2024-09-28 21:57:53,443 - INFO - Selecting site 79/238 | Selected Site:  18 | A_hat: 0.00561 | Coverage:  78.30%
2024-09-28 21:58:01,123 - INFO - Selecting site 80/238 | Selected Site: 276 | A_hat: 0.00559 | Coverage:  78.57%
2024-09-28 21:58:10,347 - INFO - Selecting site 81/238 | Selected Site: 256 | A_hat: 0.00558 | Coverage:  78.67%
2024-09-28 21:58:20,215 - INFO - Selecting site 82/238 | Selected Site:  28 | A_hat: 0.00557 | Coverage:  78.67%
2024-09-28 21:58:31,525 - INFO - Selecting site 83/238 | Selected Site: 369 | A_hat: 0.00556 | Coverage:  78.69%
2024-09-28 21:58:39,263 - INFO - Selecting site 84/238 | Selected Site: 146 | A_hat: 0.00555 | Coverage:  78.71%
2024-09-28 21:58:48,296 - INFO - Selecting site 85/238 | Selected Site: 357 | A_hat: 0.00555 | Coverage:  78.83%
2024-09-28 21:58:58,518 - INFO - Selecting site 86/238 | Selected Site: 398 | A_hat: 0.00554 | Coverage:  78.94%
2024-09-28 21:59:09,721 - INFO - Selecting site 87/238 | Selected Site: 353 | A_hat: 0.00553 | Coverage:  79.01%
2024-09-28 21:59:17,973 - INFO - Selecting site 88/238 | Selected Site: 274 | A_hat: 0.00552 | Coverage:  79.05%
2024-09-28 21:59:27,109 - INFO - Selecting site 89/238 | Selected Site: 272 | A_hat: 0.00552 | Coverage:  79.05%
2024-09-28 21:59:37,023 - INFO - Selecting site 90/238 | Selected Site: 269 | A_hat: 0.00551 | Coverage:  79.05%
2024-09-28 21:59:48,487 - INFO - Selecting site 91/238 | Selected Site: 210 | A_hat: 0.00551 | Coverage:  79.05%
2024-09-28 21:59:56,595 - INFO - Selecting site 92/238 | Selected Site: 397 | A_hat: 0.00550 | Coverage:  79.05%
2024-09-28 22:00:05,679 - INFO - Selecting site 93/238 | Selected Site: 360 | A_hat: 0.00550 | Coverage:  79.09%
2024-09-28 22:00:15,645 - INFO - Selecting site 94/238 | Selected Site: 399 | A_hat: 0.00550 | Coverage:  79.18%
2024-09-28 22:00:26,794 - INFO - Selecting site 95/238 | Selected Site: 109 | A_hat: 0.00549 | Coverage:  79.18%
2024-09-28 22:00:34,838 - INFO - Selecting site 96/238 | Selected Site: 364 | A_hat: 0.00549 | Coverage:  79.18%
2024-09-28 22:00:44,082 - INFO - Selecting site 97/238 | Selected Site: 107 | A_hat: 0.00549 | Coverage:  79.18%
2024-09-28 22:00:54,263 - INFO - Selecting site 98/238 | Selected Site: 384 | A_hat: 0.00549 | Coverage:  79.18%
2024-09-28 22:01:05,637 - INFO - Selecting site 99/238 | Selected Site: 379 | A_hat: 0.00549 | Coverage:  79.27%
2024-09-28 22:01:14,088 - INFO - Selecting site 100/238 | Selected Site: 356 | A_hat: 0.00548 | Coverage:  79.29%
2024-09-28 22:01:23,201 - INFO - Selecting site 101/238 | Selected Site:  85 | A_hat: 0.00548 | Coverage:  79.29%
2024-09-28 22:01:33,763 - INFO - Selecting site 102/238 | Selected Site: 135 | A_hat: 0.00548 | Coverage:  79.29%
2024-09-28 22:01:45,217 - INFO - Selecting site 103/238 | Selected Site: 129 | A_hat: 0.00548 | Coverage:  79.40%
2024-09-28 22:01:52,961 - INFO - Selecting site 104/238 | Selected Site: 238 | A_hat: 0.00548 | Coverage:  79.40%
2024-09-28 22:02:02,167 - INFO - Selecting site 105/238 | Selected Site: 372 | A_hat: 0.00548 | Coverage:  79.40%
2024-09-28 22:02:12,149 - INFO - Selecting site 106/238 | Selected Site:  13 | A_hat: 0.00548 | Coverage:  79.40%
2024-09-28 22:02:23,867 - INFO - Selecting site 107/238 | Selected Site: 217 | A_hat: 0.00548 | Coverage:  79.46%
2024-09-28 22:02:31,947 - INFO - Selecting site 108/238 | Selected Site: 234 | A_hat: 0.00548 | Coverage:  79.46%
2024-09-28 22:02:41,039 - INFO - Selecting site 109/238 | Selected Site: 365 | A_hat: 0.00548 | Coverage:  79.46%
2024-09-28 22:02:51,287 - INFO - Selecting site 110/238 | Selected Site: 186 | A_hat: 0.00548 | Coverage:  79.46%
2024-09-28 22:03:02,998 - INFO - Selecting site 111/238 | Selected Site: 342 | A_hat: 0.00548 | Coverage:  79.46%
2024-09-28 22:03:11,199 - INFO - Selecting site 112/238 | Selected Site:  16 | A_hat: 0.00548 | Coverage:  79.46%
2024-09-28 22:03:20,776 - INFO - Selecting site 113/238 | Selected Site: 280 | A_hat: 0.00548 | Coverage:  79.46%
2024-09-28 22:03:31,186 - INFO - Selecting site 114/238 | Selected Site:  38 | A_hat: 0.00548 | Coverage:  79.48%
2024-09-28 22:03:42,501 - INFO - Selecting site 115/238 | Selected Site: 207 | A_hat: 0.00548 | Coverage:  79.48%
2024-09-28 22:03:51,038 - INFO - Selecting site 116/238 | Selected Site: 408 | A_hat: 0.00548 | Coverage:  79.48%
2024-09-28 22:04:00,291 - INFO - Selecting site 117/238 | Selected Site: 323 | A_hat: 0.00548 | Coverage:  79.48%
2024-09-28 22:04:10,688 - INFO - Selecting site 118/238 | Selected Site: 211 | A_hat: 0.00548 | Coverage:  79.48%
2024-09-28 22:04:22,097 - INFO - Selecting site 119/238 | Selected Site: 358 | A_hat: 0.00548 | Coverage:  79.48%
2024-09-28 22:04:30,898 - INFO - Selecting site 120/238 | Selected Site: 208 | A_hat: 0.00548 | Coverage:  79.48%
2024-09-28 22:04:40,366 - INFO - Selecting site 121/238 | Selected Site: 214 | A_hat: 0.00548 | Coverage:  79.48%
2024-09-28 22:04:50,497 - INFO - Selecting site 122/238 | Selected Site:  27 | A_hat: 0.00548 | Coverage:  79.48%
2024-09-28 22:05:24,359 - INFO - 
==================================================
*** Processed Polygon Information ***
--------------------------------------------------
Polygon ID            : Atlanta, GA Urban Area_6
Total Supply          : 953.0
A_bar Value           : 0.0074
Selected Initial Sites: 40
Initial Coverage      : 36.95%
==================================================
2024-09-28 22:05:32,402 - INFO - Selecting site 41/238 | Selected Site: 116 | A_hat: 0.01361 | Coverage:  36.95%
2024-09-28 22:05:39,668 - INFO - Selecting site 42/238 | Selected Site: 106 | A_hat: 0.01303 | Coverage:  41.83%
2024-09-28 22:05:47,790 - INFO - Selecting site 43/238 | Selected Site: 158 | A_hat: 0.01250 | Coverage:  44.67%
2024-09-28 22:05:53,240 - INFO - Selecting site 44/238 | Selected Site:  19 | A_hat: 0.01202 | Coverage:  47.87%
2024-09-28 22:05:59,610 - INFO - Selecting site 45/238 | Selected Site: 218 | A_hat: 0.01159 | Coverage:  49.97%
2024-09-28 22:06:06,785 - INFO - Selecting site 46/238 | Selected Site: 380 | A_hat: 0.01119 | Coverage:  51.55%
2024-09-28 22:06:15,263 - INFO - Selecting site 47/238 | Selected Site: 165 | A_hat: 0.01082 | Coverage:  53.46%
2024-09-28 22:06:22,286 - INFO - Selecting site 48/238 | Selected Site: 304 | A_hat: 0.01047 | Coverage:  54.12%
2024-09-28 22:06:30,007 - INFO - Selecting site 49/238 | Selected Site: 100 | A_hat: 0.01015 | Coverage:  55.41%
2024-09-28 22:06:39,119 - INFO - Selecting site 50/238 | Selected Site: 413 | A_hat: 0.00986 | Coverage:  55.80%
2024-09-28 22:06:49,481 - INFO - Selecting site 51/238 | Selected Site: 352 | A_hat: 0.00960 | Coverage:  56.97%
2024-09-28 22:06:56,661 - INFO - Selecting site 52/238 | Selected Site: 184 | A_hat: 0.00935 | Coverage:  58.18%
2024-09-28 22:07:03,333 - INFO - 
====================================================
*** Processed Polygon Information ***
----------------------------------------------------
Polygon ID            : Adairsville, GA Urban Area
Total Supply          : 6.0
A_bar Value           : 0.0036
Selected Initial Sites: 1
Initial Coverage      : 64.36%
====================================================
2024-09-28 22:07:05,305 - INFO - Selecting site 53/238 | Selected Site: 112 | A_hat: 0.00915 | Coverage:  59.26%
2024-09-28 22:07:11,649 - INFO - Selecting site  2/ 2 | Selected Site:   4 | A_hat: 0.00347 | Coverage:  64.36%
2024-09-28 22:07:11,834 - INFO - Optimization process for Adairsville, GA Urban Area complete
2024-09-28 22:07:11,993 - INFO - 
==================================================
*** Processed Polygon Information ***
--------------------------------------------------
Polygon ID            : Adel, GA Urban Area
Total Supply          : 6.0
A_bar Value           : 0.0031
Selected Initial Sites: 1
Initial Coverage      : 73.61%
==================================================
2024-09-28 22:07:13,283 - INFO - Selecting site  2/ 2 | Selected Site:   2 | A_hat: 0.00271 | Coverage:  73.61%
2024-09-28 22:07:13,294 - INFO - Optimization process for Adel, GA Urban Area complete
2024-09-28 22:07:13,337 - INFO - 
==================================================
*** Processed Polygon Information ***
--------------------------------------------------
Polygon ID            : Albany, GA Urban Area
Total Supply          : 42.0
A_bar Value           : 0.0024
Selected Initial Sites: 1
Initial Coverage      : 25.39%
==================================================
2024-09-28 22:07:14,464 - INFO - Selecting site  2/10 | Selected Site:  16 | A_hat: 0.00315 | Coverage:  25.39%
2024-09-28 22:07:14,630 - INFO - Selecting site  3/10 | Selected Site:   0 | A_hat: 0.00268 | Coverage:  51.32%
2024-09-28 22:07:14,794 - INFO - Selecting site  4/10 | Selected Site:  17 | A_hat: 0.00231 | Coverage:  63.64%
2024-09-28 22:07:14,958 - INFO - Selecting site  5/10 | Selected Site:  62 | A_hat: 0.00200 | Coverage:  68.03%
2024-09-28 22:07:15,123 - INFO - Selecting site  6/10 | Selected Site:  12 | A_hat: 0.00178 | Coverage:  74.92%
2024-09-28 22:07:15,278 - INFO - Selecting site  7/10 | Selected Site:  80 | A_hat: 0.00163 | Coverage:  78.36%
2024-09-28 22:07:15,433 - INFO - Selecting site  8/10 | Selected Site:   6 | A_hat: 0.00155 | Coverage:  82.11%
2024-09-28 22:07:15,588 - INFO - Selecting site  9/10 | Selected Site:  46 | A_hat: 0.00146 | Coverage:  82.21%
2024-09-28 22:07:15,753 - INFO - Selecting site 10/10 | Selected Site:  29 | A_hat: 0.00139 | Coverage:  83.79%
2024-09-28 22:07:15,764 - INFO - Optimization process for Albany, GA Urban Area complete
2024-09-28 22:07:15,791 - INFO - 
==================================================
*** Processed Polygon Information ***
--------------------------------------------------
Polygon ID            : Americus, GA Urban Area
Total Supply          : 10.0
A_bar Value           : 0.0024
Selected Initial Sites: 1
Initial Coverage      : 79.60%
==================================================
2024-09-28 22:07:15,802 - INFO - Selecting site  2/ 2 | Selected Site:   2 | A_hat: 0.00182 | Coverage:  79.60%
2024-09-28 22:07:15,812 - INFO - Optimization process for Americus, GA Urban Area complete
2024-09-28 22:07:15,930 - INFO - 
=============================================================
*** Processed Polygon Information ***
-------------------------------------------------------------
Polygon ID            : Athens-Clarke County, GA Urban Area
Total Supply          : 80.0
A_bar Value           : 0.0022
Selected Initial Sites: 1
Initial Coverage      : 34.81%
=============================================================
2024-09-28 22:07:16,212 - INFO - Selecting site  2/20 | Selected Site: 177 | A_hat: 0.00303 | Coverage:  34.81%
2024-09-28 22:07:16,512 - INFO - Selecting site  3/20 | Selected Site: 214 | A_hat: 0.00250 | Coverage:  44.50%
2024-09-28 22:07:16,782 - INFO - Selecting site  4/20 | Selected Site:   1 | A_hat: 0.00212 | Coverage:  57.29%
2024-09-28 22:07:17,092 - INFO - Selecting site  5/20 | Selected Site:  15 | A_hat: 0.00193 | Coverage:  66.88%
2024-09-28 22:07:17,433 - INFO - Selecting site  6/20 | Selected Site:  87 | A_hat: 0.00180 | Coverage:  73.82%
2024-09-28 22:07:17,814 - INFO - Selecting site  7/20 | Selected Site:   5 | A_hat: 0.00169 | Coverage:  74.65%
2024-09-28 22:07:18,087 - INFO - Selecting site  8/20 | Selected Site: 230 | A_hat: 0.00159 | Coverage:  77.38%
2024-09-28 22:07:18,389 - INFO - Selecting site  9/20 | Selected Site:  91 | A_hat: 0.00149 | Coverage:  81.07%
2024-09-28 22:07:18,734 - INFO - Selecting site 10/20 | Selected Site:  61 | A_hat: 0.00139 | Coverage:  82.94%
2024-09-28 22:07:19,109 - INFO - Selecting site 11/20 | Selected Site:  23 | A_hat: 0.00131 | Coverage:  85.04%
2024-09-28 22:07:19,375 - INFO - Selecting site 12/20 | Selected Site:   4 | A_hat: 0.00126 | Coverage:  86.42%
2024-09-28 22:07:19,685 - INFO - Selecting site 13/20 | Selected Site: 217 | A_hat: 0.00122 | Coverage:  87.75%
2024-09-28 22:07:20,024 - INFO - Selecting site 14/20 | Selected Site:  21 | A_hat: 0.00118 | Coverage:  88.02%
2024-09-28 22:07:20,489 - INFO - Selecting site 15/20 | Selected Site: 176 | A_hat: 0.00115 | Coverage:  88.48%
2024-09-28 22:07:20,758 - INFO - Selecting site 16/20 | Selected Site: 223 | A_hat: 0.00111 | Coverage:  88.54%
2024-09-28 22:07:21,067 - INFO - Selecting site 17/20 | Selected Site:   8 | A_hat: 0.00109 | Coverage:  89.10%
2024-09-28 22:07:21,411 - INFO - Selecting site 18/20 | Selected Site: 215 | A_hat: 0.00107 | Coverage:  90.05%
2024-09-28 22:07:21,790 - INFO - Selecting site 19/20 | Selected Site:  35 | A_hat: 0.00105 | Coverage:  90.72%
2024-09-28 22:07:22,059 - INFO - Selecting site 20/20 | Selected Site:  58 | A_hat: 0.00104 | Coverage:  90.72%
2024-09-28 22:07:22,072 - INFO - Optimization process for Athens-Clarke County, GA Urban Area complete
2024-09-28 22:07:22,220 - INFO - 
====================================================================
*** Processed Polygon Information ***
--------------------------------------------------------------------
Polygon ID            : Augusta-Richmond County, GA--SC Urban Area
Total Supply          : 114.0
A_bar Value           : 0.0022
Selected Initial Sites: 1
Initial Coverage      : 11.99%
====================================================================
2024-09-28 22:07:22,864 - INFO - Selecting site  2/28 | Selected Site: 260 | A_hat: 0.00515 | Coverage:  11.99%
2024-09-28 22:07:23,602 - INFO - Selecting site  3/28 | Selected Site: 128 | A_hat: 0.00420 | Coverage:  24.52%
2024-09-28 22:07:24,170 - INFO - Selecting site  4/28 | Selected Site:  63 | A_hat: 0.00362 | Coverage:  34.32%
2024-09-28 22:07:24,847 - INFO - Selecting site  5/28 | Selected Site:  42 | A_hat: 0.00321 | Coverage:  40.37%
2024-09-28 22:07:25,633 - INFO - Selecting site  6/28 | Selected Site:  70 | A_hat: 0.00288 | Coverage:  47.92%
2024-09-28 22:07:34,743 - INFO - 
==================================================
*** Processed Polygon Information ***
--------------------------------------------------
Polygon ID            : Atlanta, GA Urban Area_6
Total Supply          : 953.0
A_bar Value           : 0.0074
Selected Initial Sites: 40
Initial Coverage      : 36.95%
==================================================
2024-09-28 22:07:42,732 - INFO - Selecting site 41/238 | Selected Site: 116 | A_hat: 0.01426 | Coverage:  36.95%
2024-09-28 22:07:49,903 - INFO - Selecting site 42/238 | Selected Site: 106 | A_hat: 0.01366 | Coverage:  41.83%
2024-09-28 22:07:57,968 - INFO - Selecting site 43/238 | Selected Site: 412 | A_hat: 0.01313 | Coverage:  44.67%
